  [1m[35m (259.6ms)[0m  [1m[35mCREATE DATABASE "stocks_rails_development" ENCODING = 'unicode'[0m
  [1m[35m (59.5ms)[0m  [1m[35mCREATE DATABASE "stocks_rails_test" ENCODING = 'unicode'[0m
  [1m[35m (30.8ms)[0m  [1m[35mCREATE TABLE "schema_migrations" ("version" character varying NOT NULL PRIMARY KEY)[0m
  [1m[35m (3.8ms)[0m  [1m[35mCREATE TABLE "ar_internal_metadata" ("key" character varying NOT NULL PRIMARY KEY, "value" character varying, "created_at" timestamp(6) NOT NULL, "updated_at" timestamp(6) NOT NULL)[0m
  [1m[35m (1.8ms)[0m  [1m[34mSELECT pg_try_advisory_lock(1627007143634378730)[0m
  [1m[35m (1.6ms)[0m  [1m[34mSELECT "schema_migrations"."version" FROM "schema_migrations" ORDER BY "schema_migrations"."version" ASC[0m
Migrating to CreateUsers (20210426180516)
  [1m[35m (0.4ms)[0m  [1m[35mBEGIN[0m
  [1m[35m (13.3ms)[0m  [1m[35mCREATE TABLE "users" ("id" bigserial primary key, "username" character varying, "password_digest" character varying, "first_name" character varying, "last_name" character varying, "cash" float DEFAULT 1000.0, "created_at" timestamp(6) NOT NULL, "updated_at" timestamp(6) NOT NULL)[0m
  [1m[36mprimary::SchemaMigration Create (3.7ms)[0m  [1m[32mINSERT INTO "schema_migrations" ("version") VALUES ($1) RETURNING "version"[0m  [["version", "20210426180516"]]
  [1m[35m (0.4ms)[0m  [1m[35mCOMMIT[0m
  [1m[36mActiveRecord::InternalMetadata Load (0.3ms)[0m  [1m[34mSELECT "ar_internal_metadata".* FROM "ar_internal_metadata" WHERE "ar_internal_metadata"."key" = $1 LIMIT $2[0m  [["key", "environment"], ["LIMIT", 1]]
  [1m[35m (0.1ms)[0m  [1m[35mBEGIN[0m
  [1m[36mActiveRecord::InternalMetadata Create (2.1ms)[0m  [1m[32mINSERT INTO "ar_internal_metadata" ("key", "value", "created_at", "updated_at") VALUES ($1, $2, $3, $4) RETURNING "key"[0m  [["key", "environment"], ["value", "development"], ["created_at", "2021-04-26 18:23:08.163830"], ["updated_at", "2021-04-26 18:23:08.163830"]]
  [1m[35m (0.4ms)[0m  [1m[35mCOMMIT[0m
  [1m[35m (0.4ms)[0m  [1m[34mSELECT pg_advisory_unlock(1627007143634378730)[0m
  [1m[35m (1.5ms)[0m  [1m[34mSELECT "schema_migrations"."version" FROM "schema_migrations" ORDER BY "schema_migrations"."version" ASC[0m
  [1m[35m (2.6ms)[0m  [1m[34mSELECT "schema_migrations"."version" FROM "schema_migrations" ORDER BY "schema_migrations"."version" ASC[0m
  [1m[35m (1.0ms)[0m  [1m[35mBEGIN[0m
  [1m[36mUser Exists? (2.9ms)[0m  [1m[34mSELECT 1 AS one FROM "users" WHERE "users"."username" = $1 LIMIT $2[0m  [["username", "asdf"], ["LIMIT", 1]]
  [1m[36mUser Create (8.5ms)[0m  [1m[32mINSERT INTO "users" ("username", "password_digest", "first_name", "last_name", "created_at", "updated_at") VALUES ($1, $2, $3, $4, $5, $6) RETURNING "id"[0m  [["username", "asdf"], ["password_digest", "$2a$12$f9rPnyQP58eDb7q7o3SsUO6S6JuwPHocwG2FUOWRzR24zDxxBCTSa"], ["first_name", "Abe"], ["last_name", "Banana"], ["created_at", "2021-04-27 15:57:53.715315"], ["updated_at", "2021-04-27 15:57:53.715315"]]
  [1m[35m (2.9ms)[0m  [1m[35mCOMMIT[0m
  [1m[35m (0.2ms)[0m  [1m[35mBEGIN[0m
  [1m[36mUser Exists? (0.4ms)[0m  [1m[34mSELECT 1 AS one FROM "users" WHERE "users"."username" = $1 LIMIT $2[0m  [["username", "qwerty"], ["LIMIT", 1]]
  [1m[36mUser Create (0.3ms)[0m  [1m[32mINSERT INTO "users" ("username", "password_digest", "first_name", "last_name", "created_at", "updated_at") VALUES ($1, $2, $3, $4, $5, $6) RETURNING "id"[0m  [["username", "qwerty"], ["password_digest", "$2a$12$Ce.bg6DvvQjNIxUEW6ofm.gFkJgkmlOzT0gEZlg0bMaJHzBIXYwwi"], ["first_name", "Mandu"], ["last_name", "Nana"], ["created_at", "2021-04-27 15:57:53.928808"], ["updated_at", "2021-04-27 15:57:53.928808"]]
  [1m[35m (0.5ms)[0m  [1m[35mCOMMIT[0m
  [1m[36mUser Load (0.6ms)[0m  [1m[34mSELECT "users".* FROM "users" LIMIT $1[0m  [["LIMIT", 11]]
  [1m[36mUser Load (0.5ms)[0m  [1m[34mSELECT "users".* FROM "users" ORDER BY "users"."id" ASC LIMIT $1[0m  [["LIMIT", 1]]
  [1m[36mUser Load (0.6ms)[0m  [1m[34mSELECT "users".* FROM "users" ORDER BY "users"."id" ASC LIMIT $1[0m  [["LIMIT", 1]]
  [1m[35m (0.7ms)[0m  [1m[34mSELECT "schema_migrations"."version" FROM "schema_migrations" ORDER BY "schema_migrations"."version" ASC[0m
  [1m[36mUser Load (0.5ms)[0m  [1m[34mSELECT "users".* FROM "users"[0m
  [1m[35m (0.2ms)[0m  [1m[35mBEGIN[0m
  [1m[36mUser Destroy (1.6ms)[0m  [1m[31mDELETE FROM "users" WHERE "users"."id" = $1[0m  [["id", 1]]
  [1m[35m (0.6ms)[0m  [1m[35mCOMMIT[0m
  [1m[35m (0.1ms)[0m  [1m[35mBEGIN[0m
  [1m[36mUser Destroy (0.3ms)[0m  [1m[31mDELETE FROM "users" WHERE "users"."id" = $1[0m  [["id", 2]]
  [1m[35m (0.3ms)[0m  [1m[35mCOMMIT[0m
  [1m[35m (0.2ms)[0m  [1m[35mBEGIN[0m
  [1m[36mUser Exists? (0.6ms)[0m  [1m[34mSELECT 1 AS one FROM "users" WHERE "users"."username" = $1 LIMIT $2[0m  [["username", "asdf"], ["LIMIT", 1]]
  [1m[36mUser Create (0.5ms)[0m  [1m[32mINSERT INTO "users" ("username", "password_digest", "first_name", "last_name", "created_at", "updated_at") VALUES ($1, $2, $3, $4, $5, $6) RETURNING "id"[0m  [["username", "asdf"], ["password_digest", "$2a$12$wBF3B9rypNaCx8Ynd3T.IuBGjQtyjcO1kyQePPNiYhF3cWxoYABHG"], ["first_name", "Abe"], ["last_name", "Banana"], ["created_at", "2021-04-27 16:01:11.464370"], ["updated_at", "2021-04-27 16:01:11.464370"]]
  [1m[35m (0.5ms)[0m  [1m[35mCOMMIT[0m
  [1m[35m (0.2ms)[0m  [1m[35mBEGIN[0m
  [1m[36mUser Exists? (0.4ms)[0m  [1m[34mSELECT 1 AS one FROM "users" WHERE "users"."username" = $1 LIMIT $2[0m  [["username", "qwerty"], ["LIMIT", 1]]
  [1m[36mUser Create (0.3ms)[0m  [1m[32mINSERT INTO "users" ("username", "password_digest", "first_name", "last_name", "cash", "created_at", "updated_at") VALUES ($1, $2, $3, $4, $5, $6, $7) RETURNING "id"[0m  [["username", "qwerty"], ["password_digest", "$2a$12$oRty.xDhNGVm0PsVbOdEteKYaenws/2QbDLUfiPSpEGeGRKnm8JiC"], ["first_name", "Mandu"], ["last_name", "Nana"], ["cash", 1250.0], ["created_at", "2021-04-27 16:01:11.680863"], ["updated_at", "2021-04-27 16:01:11.680863"]]
  [1m[35m (0.9ms)[0m  [1m[35mCOMMIT[0m
Started GET "/" for ::1 at 2021-04-27 12:12:13 -0400
  [1m[35m (0.8ms)[0m  [1m[34mSELECT "schema_migrations"."version" FROM "schema_migrations" ORDER BY "schema_migrations"."version" ASC[0m
Processing by Rails::WelcomeController#index as HTML
  Rendering /Users/jinwu/.rvm/gems/ruby-2.6.1/gems/railties-6.0.3.6/lib/rails/templates/rails/welcome/index.html.erb
  Rendered /Users/jinwu/.rvm/gems/ruby-2.6.1/gems/railties-6.0.3.6/lib/rails/templates/rails/welcome/index.html.erb (Duration: 11.6ms | Allocations: 481)
Completed 200 OK in 26ms (Views: 19.1ms | ActiveRecord: 0.0ms | Allocations: 2634)


Started GET "/favicon.ico" for ::1 at 2021-04-27 12:12:14 -0400
  
ActionController::RoutingError (No route matches [GET] "/favicon.ico"):
  
actionpack (6.0.3.6) lib/action_dispatch/middleware/debug_exceptions.rb:36:in `call'
actionpack (6.0.3.6) lib/action_dispatch/middleware/show_exceptions.rb:33:in `call'
railties (6.0.3.6) lib/rails/rack/logger.rb:37:in `call_app'
railties (6.0.3.6) lib/rails/rack/logger.rb:26:in `block in call'
activesupport (6.0.3.6) lib/active_support/tagged_logging.rb:80:in `block in tagged'
activesupport (6.0.3.6) lib/active_support/tagged_logging.rb:28:in `tagged'
activesupport (6.0.3.6) lib/active_support/tagged_logging.rb:80:in `tagged'
railties (6.0.3.6) lib/rails/rack/logger.rb:26:in `call'
actionpack (6.0.3.6) lib/action_dispatch/middleware/remote_ip.rb:81:in `call'
actionpack (6.0.3.6) lib/action_dispatch/middleware/request_id.rb:27:in `call'
rack (2.2.3) lib/rack/runtime.rb:22:in `call'
activesupport (6.0.3.6) lib/active_support/cache/strategy/local_cache_middleware.rb:29:in `call'
actionpack (6.0.3.6) lib/action_dispatch/middleware/executor.rb:14:in `call'
actionpack (6.0.3.6) lib/action_dispatch/middleware/static.rb:126:in `call'
rack (2.2.3) lib/rack/sendfile.rb:110:in `call'
actionpack (6.0.3.6) lib/action_dispatch/middleware/host_authorization.rb:82:in `call'
rack-cors (1.1.1) lib/rack/cors.rb:100:in `call'
railties (6.0.3.6) lib/rails/engine.rb:527:in `call'
puma (4.3.7) lib/puma/configuration.rb:228:in `call'
puma (4.3.7) lib/puma/server.rb:713:in `handle_request'
puma (4.3.7) lib/puma/server.rb:472:in `process_client'
puma (4.3.7) lib/puma/server.rb:328:in `block in run'
puma (4.3.7) lib/puma/thread_pool.rb:134:in `block in spawn_thread'
Started GET "/users" for ::1 at 2021-04-27 12:12:16 -0400
Processing by UsersController#index as HTML
  [1m[36mUser Load (0.9ms)[0m  [1m[34mSELECT "users".* FROM "users"[0m
  ↳ app/controllers/users_controller.rb:6:in `index'
[active_model_serializers] Rendered ActiveModel::Serializer::CollectionSerializer with ActiveModelSerializers::Adapter::Attributes (0.76ms)
Completed 200 OK in 49ms (Views: 33.8ms | ActiveRecord: 8.6ms | Allocations: 10447)


  [1m[35m (1.2ms)[0m  [1m[34mSELECT pg_try_advisory_lock(1627007143634378730)[0m
  [1m[35m (5.1ms)[0m  [1m[34mSELECT "schema_migrations"."version" FROM "schema_migrations" ORDER BY "schema_migrations"."version" ASC[0m
Migrating to CreateStocks (20210428182428)
  [1m[35m (0.5ms)[0m  [1m[35mBEGIN[0m
  [1m[35m (37.8ms)[0m  [1m[35mCREATE TABLE "stocks" ("id" bigserial primary key, "name" character varying, "symbol" character varying, "price" float, "user_id" bigint NOT NULL, "created_at" timestamp(6) NOT NULL, "updated_at" timestamp(6) NOT NULL, CONSTRAINT "fk_rails_f4b3894c0d"
FOREIGN KEY ("user_id")
  REFERENCES "users" ("id")
)[0m
  [1m[35m (1.1ms)[0m  [1m[35mCREATE  INDEX  "index_stocks_on_user_id" ON "stocks"  ("user_id")[0m
  [1m[36mprimary::SchemaMigration Create (0.7ms)[0m  [1m[32mINSERT INTO "schema_migrations" ("version") VALUES ($1) RETURNING "version"[0m  [["version", "20210428182428"]]
  [1m[35m (1.3ms)[0m  [1m[35mCOMMIT[0m
  [1m[36mActiveRecord::InternalMetadata Load (0.9ms)[0m  [1m[34mSELECT "ar_internal_metadata".* FROM "ar_internal_metadata" WHERE "ar_internal_metadata"."key" = $1 LIMIT $2[0m  [["key", "environment"], ["LIMIT", 1]]
  [1m[35m (0.2ms)[0m  [1m[34mSELECT pg_advisory_unlock(1627007143634378730)[0m
  [1m[35m (0.8ms)[0m  [1m[34mSELECT "schema_migrations"."version" FROM "schema_migrations" ORDER BY "schema_migrations"."version" ASC[0m
  [1m[35m (0.7ms)[0m  [1m[34mSELECT "schema_migrations"."version" FROM "schema_migrations" ORDER BY "schema_migrations"."version" ASC[0m
  [1m[36mUser Load (0.7ms)[0m  [1m[34mSELECT "users".* FROM "users"[0m
  [1m[35m (0.1ms)[0m  [1m[35mBEGIN[0m
  [1m[36mUser Destroy (3.2ms)[0m  [1m[31mDELETE FROM "users" WHERE "users"."id" = $1[0m  [["id", 3]]
  [1m[35m (0.5ms)[0m  [1m[35mCOMMIT[0m
  [1m[35m (0.1ms)[0m  [1m[35mBEGIN[0m
  [1m[36mUser Destroy (0.5ms)[0m  [1m[31mDELETE FROM "users" WHERE "users"."id" = $1[0m  [["id", 4]]
  [1m[35m (0.3ms)[0m  [1m[35mCOMMIT[0m
  [1m[36mStock Load (0.4ms)[0m  [1m[34mSELECT "stocks".* FROM "stocks"[0m
  [1m[35m (0.3ms)[0m  [1m[35mBEGIN[0m
  [1m[36mUser Exists? (4.3ms)[0m  [1m[34mSELECT 1 AS one FROM "users" WHERE LOWER("users"."username") = LOWER($1) LIMIT $2[0m  [["username", "asdf"], ["LIMIT", 1]]
  [1m[36mUser Create (0.7ms)[0m  [1m[32mINSERT INTO "users" ("username", "password_digest", "first_name", "last_name", "created_at", "updated_at") VALUES ($1, $2, $3, $4, $5, $6) RETURNING "id"[0m  [["username", "asdf"], ["password_digest", "$2a$12$8US04GtSOwNFB2WqB8sbGeogLhFE9/x9SlZr75IV2Ksh/8Vhnujoy"], ["first_name", "Abe"], ["last_name", "Banana"], ["created_at", "2021-04-28 18:29:50.357085"], ["updated_at", "2021-04-28 18:29:50.357085"]]
  [1m[35m (0.4ms)[0m  [1m[35mCOMMIT[0m
  [1m[35m (0.2ms)[0m  [1m[35mBEGIN[0m
  [1m[36mUser Exists? (0.4ms)[0m  [1m[34mSELECT 1 AS one FROM "users" WHERE LOWER("users"."username") = LOWER($1) LIMIT $2[0m  [["username", "qwerty"], ["LIMIT", 1]]
  [1m[36mUser Create (0.3ms)[0m  [1m[32mINSERT INTO "users" ("username", "password_digest", "first_name", "last_name", "cash", "created_at", "updated_at") VALUES ($1, $2, $3, $4, $5, $6, $7) RETURNING "id"[0m  [["username", "qwerty"], ["password_digest", "$2a$12$TEaVFNbjrAtZFqfmwjCNkOrmLK3tePE0nqCm9aXQCX5/ENUbVeajK"], ["first_name", "Mandu"], ["last_name", "Nana"], ["cash", 1250.0], ["created_at", "2021-04-28 18:29:50.560068"], ["updated_at", "2021-04-28 18:29:50.560068"]]
  [1m[35m (1.0ms)[0m  [1m[35mCOMMIT[0m
  [1m[35m (0.1ms)[0m  [1m[35mBEGIN[0m
  [1m[36mUser Load (0.2ms)[0m  [1m[34mSELECT "users".* FROM "users" WHERE "users"."id" = $1 LIMIT $2[0m  [["id", 5], ["LIMIT", 1]]
  [1m[36mStock Create (0.7ms)[0m  [1m[32mINSERT INTO "stocks" ("name", "symbol", "price", "user_id", "created_at", "updated_at") VALUES ($1, $2, $3, $4, $5, $6) RETURNING "id"[0m  [["name", "Apple Inc."], ["symbol", "AAPL"], ["price", 241.41], ["user_id", 5], ["created_at", "2021-04-28 18:29:50.586368"], ["updated_at", "2021-04-28 18:29:50.586368"]]
  [1m[35m (0.4ms)[0m  [1m[35mCOMMIT[0m
  [1m[35m (0.1ms)[0m  [1m[35mBEGIN[0m
  [1m[36mUser Load (0.3ms)[0m  [1m[34mSELECT "users".* FROM "users" WHERE "users"."id" = $1 LIMIT $2[0m  [["id", 5], ["LIMIT", 1]]
  [1m[36mStock Create (0.5ms)[0m  [1m[32mINSERT INTO "stocks" ("name", "symbol", "price", "user_id", "created_at", "updated_at") VALUES ($1, $2, $3, $4, $5, $6) RETURNING "id"[0m  [["name", "Microsoft Corporation"], ["symbol", "MSFT"], ["price", 153.83], ["user_id", 5], ["created_at", "2021-04-28 18:29:50.592043"], ["updated_at", "2021-04-28 18:29:50.592043"]]
  [1m[35m (0.4ms)[0m  [1m[35mCOMMIT[0m
  [1m[35m (0.1ms)[0m  [1m[35mBEGIN[0m
  [1m[36mUser Load (0.2ms)[0m  [1m[34mSELECT "users".* FROM "users" WHERE "users"."id" = $1 LIMIT $2[0m  [["id", 6], ["LIMIT", 1]]
  [1m[36mStock Create (0.5ms)[0m  [1m[32mINSERT INTO "stocks" ("name", "symbol", "price", "user_id", "created_at", "updated_at") VALUES ($1, $2, $3, $4, $5, $6) RETURNING "id"[0m  [["name", "Snap Inc. Class A"], ["symbol", "SNAP"], ["price", 11.475], ["user_id", 6], ["created_at", "2021-04-28 18:29:50.614742"], ["updated_at", "2021-04-28 18:29:50.614742"]]
  [1m[35m (0.4ms)[0m  [1m[35mCOMMIT[0m
  [1m[35m (0.1ms)[0m  [1m[35mBEGIN[0m
  [1m[36mUser Load (0.2ms)[0m  [1m[34mSELECT "users".* FROM "users" WHERE "users"."id" = $1 LIMIT $2[0m  [["id", 6], ["LIMIT", 1]]
  [1m[36mStock Create (0.3ms)[0m  [1m[32mINSERT INTO "stocks" ("name", "symbol", "price", "user_id", "created_at", "updated_at") VALUES ($1, $2, $3, $4, $5, $6) RETURNING "id"[0m  [["name", "Wells Fargo & Company"], ["symbol", "WFC"], ["price", 27.83], ["user_id", 6], ["created_at", "2021-04-28 18:29:50.619606"], ["updated_at", "2021-04-28 18:29:50.619606"]]
  [1m[35m (0.4ms)[0m  [1m[35mCOMMIT[0m
  [1m[35m (0.1ms)[0m  [1m[35mBEGIN[0m
  [1m[36mUser Load (0.3ms)[0m  [1m[34mSELECT "users".* FROM "users" WHERE "users"."id" = $1 LIMIT $2[0m  [["id", 6], ["LIMIT", 1]]
  [1m[36mStock Create (0.5ms)[0m  [1m[32mINSERT INTO "stocks" ("name", "symbol", "price", "user_id", "created_at", "updated_at") VALUES ($1, $2, $3, $4, $5, $6) RETURNING "id"[0m  [["name", "Nike Inc."], ["symbol", "NKE"], ["price", 82.62], ["user_id", 6], ["created_at", "2021-04-28 18:29:50.624727"], ["updated_at", "2021-04-28 18:29:50.624727"]]
  [1m[35m (0.3ms)[0m  [1m[35mCOMMIT[0m
Started GET "/" for ::1 at 2021-04-28 14:29:58 -0400
  [1m[35m (0.7ms)[0m  [1m[34mSELECT "schema_migrations"."version" FROM "schema_migrations" ORDER BY "schema_migrations"."version" ASC[0m
Processing by Rails::WelcomeController#index as HTML
  Rendering /Users/jinwu/.rvm/gems/ruby-2.6.1/gems/railties-6.0.3.6/lib/rails/templates/rails/welcome/index.html.erb
  Rendered /Users/jinwu/.rvm/gems/ruby-2.6.1/gems/railties-6.0.3.6/lib/rails/templates/rails/welcome/index.html.erb (Duration: 8.5ms | Allocations: 316)
Completed 200 OK in 15ms (Views: 11.9ms | ActiveRecord: 0.0ms | Allocations: 1598)


Started GET "/users" for ::1 at 2021-04-28 14:30:01 -0400
Processing by UsersController#index as HTML
  [1m[36mUser Load (1.0ms)[0m  [1m[34mSELECT "users".* FROM "users"[0m
  ↳ app/controllers/users_controller.rb:6:in `index'
[active_model_serializers] Rendered ActiveModel::Serializer::CollectionSerializer with ActiveModelSerializers::Adapter::Attributes (0.66ms)
Completed 200 OK in 35ms (Views: 22.6ms | ActiveRecord: 9.4ms | Allocations: 9125)


Started GET "/users.1" for ::1 at 2021-04-28 14:30:08 -0400
Processing by UsersController#index as 
  [1m[36mUser Load (0.5ms)[0m  [1m[34mSELECT "users".* FROM "users"[0m
  ↳ app/controllers/users_controller.rb:6:in `index'
[active_model_serializers] Rendered ActiveModel::Serializer::CollectionSerializer with ActiveModelSerializers::Adapter::Attributes (0.49ms)
Completed 200 OK in 4ms (Views: 3.1ms | ActiveRecord: 0.5ms | Allocations: 1306)


Started GET "/users/5" for ::1 at 2021-04-28 14:30:11 -0400
  
ActionController::RoutingError (No route matches [GET] "/users/5"):
  
actionpack (6.0.3.6) lib/action_dispatch/middleware/debug_exceptions.rb:36:in `call'
actionpack (6.0.3.6) lib/action_dispatch/middleware/show_exceptions.rb:33:in `call'
railties (6.0.3.6) lib/rails/rack/logger.rb:37:in `call_app'
railties (6.0.3.6) lib/rails/rack/logger.rb:26:in `block in call'
activesupport (6.0.3.6) lib/active_support/tagged_logging.rb:80:in `block in tagged'
activesupport (6.0.3.6) lib/active_support/tagged_logging.rb:28:in `tagged'
activesupport (6.0.3.6) lib/active_support/tagged_logging.rb:80:in `tagged'
railties (6.0.3.6) lib/rails/rack/logger.rb:26:in `call'
actionpack (6.0.3.6) lib/action_dispatch/middleware/remote_ip.rb:81:in `call'
actionpack (6.0.3.6) lib/action_dispatch/middleware/request_id.rb:27:in `call'
rack (2.2.3) lib/rack/runtime.rb:22:in `call'
activesupport (6.0.3.6) lib/active_support/cache/strategy/local_cache_middleware.rb:29:in `call'
actionpack (6.0.3.6) lib/action_dispatch/middleware/executor.rb:14:in `call'
actionpack (6.0.3.6) lib/action_dispatch/middleware/static.rb:126:in `call'
rack (2.2.3) lib/rack/sendfile.rb:110:in `call'
actionpack (6.0.3.6) lib/action_dispatch/middleware/host_authorization.rb:82:in `call'
rack-cors (1.1.1) lib/rack/cors.rb:100:in `call'
railties (6.0.3.6) lib/rails/engine.rb:527:in `call'
puma (4.3.7) lib/puma/configuration.rb:228:in `call'
puma (4.3.7) lib/puma/server.rb:713:in `handle_request'
puma (4.3.7) lib/puma/server.rb:472:in `process_client'
puma (4.3.7) lib/puma/server.rb:328:in `block in run'
puma (4.3.7) lib/puma/thread_pool.rb:134:in `block in spawn_thread'
Started GET "/users/5" for ::1 at 2021-04-28 14:31:04 -0400
Processing by UsersController#show as HTML
  Parameters: {"id"=>"5"}
[31mUnpermitted parameter: :id[0m
  [1m[36mUser Load (0.6ms)[0m  [1m[34mSELECT "users".* FROM "users" WHERE "users"."id" = $1 LIMIT $2[0m  [["id", nil], ["LIMIT", 1]]
  ↳ app/controllers/users_controller.rb:10:in `show'
Completed 404 Not Found in 11ms (ActiveRecord: 5.5ms | Allocations: 2467)


  
ActiveRecord::RecordNotFound (Couldn't find User with 'id'={}):
  
app/controllers/users_controller.rb:10:in `show'
Started GET "/users/5" for ::1 at 2021-04-28 14:31:46 -0400
Processing by UsersController#show as HTML
  Parameters: {"id"=>"5"}
  [1m[36mUser Load (0.4ms)[0m  [1m[34mSELECT "users".* FROM "users" WHERE "users"."id" = $1 LIMIT $2[0m  [["id", 5], ["LIMIT", 1]]
  ↳ app/controllers/users_controller.rb:10:in `show'
[active_model_serializers] Rendered UserSerializer with ActiveModelSerializers::Adapter::Attributes (0.39ms)
Completed 200 OK in 16ms (Views: 1.4ms | ActiveRecord: 5.1ms | Allocations: 7173)


Started GET "/users/5" for ::1 at 2021-04-28 14:32:01 -0400
Processing by UsersController#show as HTML
  Parameters: {"id"=>"5"}
  [1m[36mUser Load (0.3ms)[0m  [1m[34mSELECT "users".* FROM "users" WHERE "users"."id" = $1 LIMIT $2[0m  [["id", 5], ["LIMIT", 1]]
  ↳ app/controllers/users_controller.rb:10:in `show'
[active_model_serializers] Rendered UserSerializer with ActiveModelSerializers::Adapter::Attributes (5.95ms)
Completed 500 Internal Server Error in 46ms (ActiveRecord: 5.9ms | Allocations: 11213)


  
NoMethodError (undefined method `stocks' for #<User:0x00007f8eff646f28>):
  
app/controllers/users_controller.rb:11:in `show'
Started GET "/users" for ::1 at 2021-04-28 14:33:26 -0400
Processing by UsersController#index as HTML
  [1m[36mUser Load (0.4ms)[0m  [1m[34mSELECT "users".* FROM "users"[0m
  ↳ app/controllers/users_controller.rb:6:in `index'
[active_model_serializers] Rendered ActiveModel::Serializer::CollectionSerializer with ActiveModelSerializers::Adapter::Attributes (6.86ms)
Completed 500 Internal Server Error in 20ms (ActiveRecord: 0.4ms | Allocations: 3428)


  
NoMethodError (undefined method `stocks' for #<User:0x00007f8efe663f20>):
  
app/controllers/users_controller.rb:6:in `index'
Started GET "/users" for ::1 at 2021-04-28 14:34:20 -0400
Processing by UsersController#index as HTML
  [1m[36mUser Load (0.5ms)[0m  [1m[34mSELECT "users".* FROM "users"[0m
  ↳ app/controllers/users_controller.rb:6:in `index'
[active_model_serializers]   [1m[36mStock Load (0.6ms)[0m  [1m[34mSELECT "stocks".* FROM "stocks" WHERE "stocks"."user_id" = $1[0m  [["user_id", 5]]
[active_model_serializers]   ↳ app/controllers/users_controller.rb:6:in `index'
[active_model_serializers]   [1m[36mStock Load (0.4ms)[0m  [1m[34mSELECT "stocks".* FROM "stocks" WHERE "stocks"."user_id" = $1[0m  [["user_id", 6]]
[active_model_serializers]   ↳ app/controllers/users_controller.rb:6:in `index'
[active_model_serializers] Rendered ActiveModel::Serializer::CollectionSerializer with ActiveModelSerializers::Adapter::Attributes (34.1ms)
Completed 200 OK in 62ms (Views: 40.2ms | ActiveRecord: 12.8ms | Allocations: 21522)


Started GET "/users" for ::1 at 2021-04-28 14:34:26 -0400
Processing by UsersController#index as HTML
  [1m[36mUser Load (0.3ms)[0m  [1m[34mSELECT "users".* FROM "users"[0m
  ↳ app/controllers/users_controller.rb:6:in `index'
[active_model_serializers] Rendered ActiveModel::Serializer::CollectionSerializer with ActiveModelSerializers::Adapter::Attributes (0.42ms)
Completed 200 OK in 16ms (Views: 8.8ms | ActiveRecord: 4.8ms | Allocations: 7974)


Started GET "/users" for ::1 at 2021-04-28 14:34:28 -0400
Processing by UsersController#index as HTML
  [1m[36mUser Load (0.6ms)[0m  [1m[34mSELECT "users".* FROM "users"[0m
  ↳ app/controllers/users_controller.rb:6:in `index'
[active_model_serializers]   [1m[36mStock Load (0.2ms)[0m  [1m[34mSELECT "stocks".* FROM "stocks" WHERE "stocks"."user_id" = $1[0m  [["user_id", 5]]
[active_model_serializers]   ↳ app/controllers/users_controller.rb:6:in `index'
[active_model_serializers]   [1m[36mStock Load (0.3ms)[0m  [1m[34mSELECT "stocks".* FROM "stocks" WHERE "stocks"."user_id" = $1[0m  [["user_id", 6]]
[active_model_serializers]   ↳ app/controllers/users_controller.rb:6:in `index'
[active_model_serializers] Rendered ActiveModel::Serializer::CollectionSerializer with ActiveModelSerializers::Adapter::Attributes (28.39ms)
Completed 200 OK in 44ms (Views: 31.6ms | ActiveRecord: 10.2ms | Allocations: 17085)


Started GET "/users/5" for ::1 at 2021-04-28 14:34:35 -0400
Processing by UsersController#show as HTML
  Parameters: {"id"=>"5"}
  [1m[36mUser Load (0.6ms)[0m  [1m[34mSELECT "users".* FROM "users" WHERE "users"."id" = $1 LIMIT $2[0m  [["id", 5], ["LIMIT", 1]]
  ↳ app/controllers/users_controller.rb:10:in `show'
[active_model_serializers]   [1m[36mStock Load (0.7ms)[0m  [1m[34mSELECT "stocks".* FROM "stocks" WHERE "stocks"."user_id" = $1[0m  [["user_id", 5]]
[active_model_serializers]   ↳ app/controllers/users_controller.rb:11:in `show'
[active_model_serializers] Rendered UserSerializer with ActiveModelSerializers::Adapter::Attributes (6.88ms)
Completed 200 OK in 11ms (Views: 7.0ms | ActiveRecord: 1.3ms | Allocations: 2535)


